
2016-02-14 00:46:59 Error: [RuntimeException] Cannot insert row, some of the primary key values are missing. Got (, , , ), expecting (captured, lng, lat, agent)
Request URL: /gcpw/portals/addg
Stack Trace:
#0 /opt/bitnami/apache2/htdocs/gcpw/vendor/cakephp/cakephp/src/ORM/Table.php(1382): Cake\ORM\Table->_insert(Object(Cake\ORM\Entity), Array)
#1 /opt/bitnami/apache2/htdocs/gcpw/vendor/cakephp/cakephp/src/ORM/Table.php(1313): Cake\ORM\Table->_processSave(Object(Cake\ORM\Entity), Object(ArrayObject))
#2 /opt/bitnami/apache2/htdocs/gcpw/vendor/cakephp/cakephp/src/Database/Connection.php(561): Cake\ORM\Table->Cake\ORM\{closure}(Object(Cake\Database\Connection))
#3 /opt/bitnami/apache2/htdocs/gcpw/vendor/cakephp/cakephp/src/ORM/Table.php(1314): Cake\Database\Connection->transactional(Object(Closure))
#4 /opt/bitnami/apache2/htdocs/gcpw/src/Controller/PortalsController.php(59): Cake\ORM\Table->save(Object(Cake\ORM\Entity))
#5 [internal function]: App\Controller\PortalsController->addg()
#6 /opt/bitnami/apache2/htdocs/gcpw/vendor/cakephp/cakephp/src/Controller/Controller.php(410): call_user_func_array(Array, Array)
#7 /opt/bitnami/apache2/htdocs/gcpw/vendor/cakephp/cakephp/src/Routing/Dispatcher.php(114): Cake\Controller\Controller->invokeAction()
#8 /opt/bitnami/apache2/htdocs/gcpw/vendor/cakephp/cakephp/src/Routing/Dispatcher.php(87): Cake\Routing\Dispatcher->_invoke(Object(App\Controller\PortalsController))
#9 /opt/bitnami/apache2/htdocs/gcpw/webroot/index.php(37): Cake\Routing\Dispatcher->dispatch(Object(Cake\Network\Request), Object(Cake\Network\Response))
#10 {main}


2016-02-14 00:57:35 Error: [RuntimeException] Cannot insert row, some of the primary key values are missing. Got (, , , ), expecting (captured, lng, lat, agent)
Request URL: /gcpw/portals/addg
Stack Trace:
#0 /opt/bitnami/apache2/htdocs/gcpw/vendor/cakephp/cakephp/src/ORM/Table.php(1382): Cake\ORM\Table->_insert(Object(Cake\ORM\Entity), Array)
#1 /opt/bitnami/apache2/htdocs/gcpw/vendor/cakephp/cakephp/src/ORM/Table.php(1313): Cake\ORM\Table->_processSave(Object(Cake\ORM\Entity), Object(ArrayObject))
#2 /opt/bitnami/apache2/htdocs/gcpw/vendor/cakephp/cakephp/src/Database/Connection.php(561): Cake\ORM\Table->Cake\ORM\{closure}(Object(Cake\Database\Connection))
#3 /opt/bitnami/apache2/htdocs/gcpw/vendor/cakephp/cakephp/src/ORM/Table.php(1314): Cake\Database\Connection->transactional(Object(Closure))
#4 /opt/bitnami/apache2/htdocs/gcpw/src/Controller/PortalsController.php(59): Cake\ORM\Table->save(Object(Cake\ORM\Entity))
#5 [internal function]: App\Controller\PortalsController->addg()
#6 /opt/bitnami/apache2/htdocs/gcpw/vendor/cakephp/cakephp/src/Controller/Controller.php(410): call_user_func_array(Array, Array)
#7 /opt/bitnami/apache2/htdocs/gcpw/vendor/cakephp/cakephp/src/Routing/Dispatcher.php(114): Cake\Controller\Controller->invokeAction()
#8 /opt/bitnami/apache2/htdocs/gcpw/vendor/cakephp/cakephp/src/Routing/Dispatcher.php(87): Cake\Routing\Dispatcher->_invoke(Object(App\Controller\PortalsController))
#9 /opt/bitnami/apache2/htdocs/gcpw/webroot/index.php(37): Cake\Routing\Dispatcher->dispatch(Object(Cake\Network\Request), Object(Cake\Network\Response))
#10 {main}


